android/app/build/intermediates/manifest_merge_blame_file/release/manifest-merger-blame-release-report.txt
1<?xml version="1.0" encoding="utf-8"?>
2<manifest xmlns:android="http://schemas.android.com/apk/res/android"
3    package="com.collegedunia"
4    android:versionCode="1"
5    android:versionName="1.0" >
6
7    <uses-sdk
8        android:minSdkVersion="16"
8-->src/main/AndroidManifest.xml
9        android:targetSdkVersion="29" />
9-->src/main/AndroidManifest.xml
10
11    <uses-permission android:name="android.permission.ACCESS_FINE_LOCATION" />
11-->src/main/AndroidManifest.xml:3:5-78
11-->src/main/AndroidManifest.xml:3:22-76
12    <uses-permission android:name="android.permission.ACCESS_COARSE_LOCATION" />
12-->src/main/AndroidManifest.xml:4:5-80
12-->src/main/AndroidManifest.xml:4:22-78
13    <uses-permission android:name="android.permission.INTERNET" />
13-->src/main/AndroidManifest.xml:5:5-67
13-->src/main/AndroidManifest.xml:5:22-64
14
15    <application
15-->src/main/AndroidManifest.xml:7:5-26:19
16        android:name="com.collegedunia.MainApplication"
16-->src/main/AndroidManifest.xml:8:7-38
17        android:allowBackup="false"
17-->src/main/AndroidManifest.xml:12:7-34
18        android:appComponentFactory="androidx.core.app.CoreComponentFactory"
18-->[androidx.core:core:1.1.0] AndroidManifest.xml:24:18-86
19        android:icon="@mipmap/ic_launcher"
19-->src/main/AndroidManifest.xml:10:7-41
20        android:label="@string/app_name"
20-->src/main/AndroidManifest.xml:9:7-39
21        android:roundIcon="@mipmap/ic_launcher_round"
21-->src/main/AndroidManifest.xml:11:7-52
22        android:theme="@style/AppTheme" >
22-->src/main/AndroidManifest.xml:13:7-38
23        <activity
23-->src/main/AndroidManifest.xml:14:7-24:18
24            android:name="com.collegedunia.MainActivity"
24-->src/main/AndroidManifest.xml:15:9-37
25            android:configChanges="keyboard|keyboardHidden|orientation|screenSize|uiMode"
25-->src/main/AndroidManifest.xml:17:9-86
26            android:label="@string/app_name"
26-->src/main/AndroidManifest.xml:16:9-41
27            android:launchMode="singleTask"
27-->src/main/AndroidManifest.xml:18:9-40
28            android:windowSoftInputMode="adjustResize" >
28-->src/main/AndroidManifest.xml:19:9-51
29            <intent-filter>
29-->src/main/AndroidManifest.xml:20:9-23:25
30                <action android:name="android.intent.action.MAIN" />
30-->src/main/AndroidManifest.xml:21:13-65
30-->src/main/AndroidManifest.xml:21:21-62
31
32                <category android:name="android.intent.category.LAUNCHER" />
32-->src/main/AndroidManifest.xml:22:13-73
32-->src/main/AndroidManifest.xml:22:23-70
33            </intent-filter>
34        </activity>
35        <activity android:name="com.facebook.react.devsupport.DevSettingsActivity" />
35-->src/main/AndroidManifest.xml:25:7-84
35-->src/main/AndroidManifest.xml:25:17-81
36    </application>
37
38</manifest>